Validating 247192 image pairs...
100%|â–ˆâ–ˆâ–ˆâ–ˆâ–ˆâ–ˆâ–ˆâ–ˆâ–ˆâ–ˆâ–ˆâ–ˆâ–ˆâ–ˆâ–ˆâ–ˆâ–ˆâ–ˆâ–ˆâ–ˆâ–ˆâ–ˆâ–ˆâ–ˆâ–ˆâ–ˆâ–ˆâ–ˆâ–ˆâ–ˆâ–ˆâ–ˆâ–ˆâ–ˆâ–ˆâ–ˆâ–ˆâ–ˆâ–ˆâ–ˆâ–ˆâ–ˆâ–ˆâ–ˆâ–ˆâ–ˆâ–ˆâ–ˆâ–ˆâ–ˆâ–ˆâ–ˆâ–ˆâ–ˆâ–ˆâ–ˆâ–ˆâ–ˆâ–ˆâ–ˆâ–ˆâ–ˆâ–ˆâ–ˆâ–ˆâ–ˆâ–ˆâ–ˆâ–ˆâ–ˆâ–ˆâ–ˆâ–ˆâ–ˆâ–ˆâ–ˆâ–ˆâ–ˆâ–ˆâ–ˆâ–ˆâ–ˆâ–ˆâ–ˆâ–ˆâ–ˆâ–ˆâ–ˆâ–ˆâ–ˆâ–ˆâ–ˆâ–ˆâ–ˆâ–ˆâ–ˆâ–ˆâ–ˆâ–ˆâ–ˆâ–ˆâ–ˆâ–ˆâ–ˆâ–ˆâ–ˆâ–ˆâ–ˆâ–ˆâ–ˆâ–ˆâ–ˆâ–ˆâ–ˆâ–ˆâ–ˆâ–ˆâ–ˆâ–ˆâ–ˆâ–ˆâ–ˆâ–ˆâ–ˆâ–ˆâ–ˆâ–ˆâ–ˆâ–ˆâ–ˆâ–ˆâ–ˆâ–ˆâ–ˆâ–ˆâ–ˆâ–ˆâ–ˆâ–ˆâ–ˆâ–ˆâ–ˆâ–ˆâ–ˆâ–ˆâ–ˆâ–ˆâ–ˆâ–ˆâ–ˆâ–ˆâ–ˆâ–ˆâ–ˆâ–ˆâ–ˆâ–ˆâ–ˆâ–ˆâ–ˆâ–ˆâ–ˆâ–ˆâ–ˆâ–ˆâ–ˆâ–ˆâ–ˆâ–ˆâ–ˆâ–ˆâ–ˆâ–ˆâ–ˆâ–ˆâ–ˆâ–ˆâ–ˆâ–ˆâ–ˆâ–ˆâ–ˆâ–ˆâ–ˆâ–ˆ| 247192/247192 [00:04<00:00, 53974.87it/s]
Found 247192 valid pairs
Validating 52872 image pairs...
100%|â–ˆâ–ˆâ–ˆâ–ˆâ–ˆâ–ˆâ–ˆâ–ˆâ–ˆâ–ˆâ–ˆâ–ˆâ–ˆâ–ˆâ–ˆâ–ˆâ–ˆâ–ˆâ–ˆâ–ˆâ–ˆâ–ˆâ–ˆâ–ˆâ–ˆâ–ˆâ–ˆâ–ˆâ–ˆâ–ˆâ–ˆâ–ˆâ–ˆâ–ˆâ–ˆâ–ˆâ–ˆâ–ˆâ–ˆâ–ˆâ–ˆâ–ˆâ–ˆâ–ˆâ–ˆâ–ˆâ–ˆâ–ˆâ–ˆâ–ˆâ–ˆâ–ˆâ–ˆâ–ˆâ–ˆâ–ˆâ–ˆâ–ˆâ–ˆâ–ˆâ–ˆâ–ˆâ–ˆâ–ˆâ–ˆâ–ˆâ–ˆâ–ˆâ–ˆâ–ˆâ–ˆâ–ˆâ–ˆâ–ˆâ–ˆâ–ˆâ–ˆâ–ˆâ–ˆâ–ˆâ–ˆâ–ˆâ–ˆâ–ˆâ–ˆâ–ˆâ–ˆâ–ˆâ–ˆâ–ˆâ–ˆâ–ˆâ–ˆâ–ˆâ–ˆâ–ˆâ–ˆâ–ˆâ–ˆâ–ˆâ–ˆâ–ˆâ–ˆâ–ˆâ–ˆâ–ˆâ–ˆâ–ˆâ–ˆâ–ˆâ–ˆâ–ˆâ–ˆâ–ˆâ–ˆâ–ˆâ–ˆâ–ˆâ–ˆâ–ˆâ–ˆâ–ˆâ–ˆâ–ˆâ–ˆâ–ˆâ–ˆâ–ˆâ–ˆâ–ˆâ–ˆâ–ˆâ–ˆâ–ˆâ–ˆâ–ˆâ–ˆâ–ˆâ–ˆâ–ˆâ–ˆâ–ˆâ–ˆâ–ˆâ–ˆâ–ˆâ–ˆâ–ˆâ–ˆâ–ˆâ–ˆâ–ˆâ–ˆâ–ˆâ–ˆâ–ˆâ–ˆâ–ˆâ–ˆâ–ˆâ–ˆâ–ˆâ–ˆâ–ˆâ–ˆâ–ˆâ–ˆâ–ˆâ–ˆâ–ˆâ–ˆâ–ˆâ–ˆâ–ˆâ–ˆâ–ˆâ–ˆâ–ˆâ–ˆâ–ˆâ–ˆâ–ˆâ–ˆâ–ˆâ–ˆâ–ˆâ–ˆ| 52872/52872 [00:01<00:00, 46133.58it/s]
Found 52872 valid pairs
Validating 52152 image pairs...
100%|â–ˆâ–ˆâ–ˆâ–ˆâ–ˆâ–ˆâ–ˆâ–ˆâ–ˆâ–ˆâ–ˆâ–ˆâ–ˆâ–ˆâ–ˆâ–ˆâ–ˆâ–ˆâ–ˆâ–ˆâ–ˆâ–ˆâ–ˆâ–ˆâ–ˆâ–ˆâ–ˆâ–ˆâ–ˆâ–ˆâ–ˆâ–ˆâ–ˆâ–ˆâ–ˆâ–ˆâ–ˆâ–ˆâ–ˆâ–ˆâ–ˆâ–ˆâ–ˆâ–ˆâ–ˆâ–ˆâ–ˆâ–ˆâ–ˆâ–ˆâ–ˆâ–ˆâ–ˆâ–ˆâ–ˆâ–ˆâ–ˆâ–ˆâ–ˆâ–ˆâ–ˆâ–ˆâ–ˆâ–ˆâ–ˆâ–ˆâ–ˆâ–ˆâ–ˆâ–ˆâ–ˆâ–ˆâ–ˆâ–ˆâ–ˆâ–ˆâ–ˆâ–ˆâ–ˆâ–ˆâ–ˆâ–ˆâ–ˆâ–ˆâ–ˆâ–ˆâ–ˆâ–ˆâ–ˆâ–ˆâ–ˆâ–ˆâ–ˆâ–ˆâ–ˆâ–ˆâ–ˆâ–ˆâ–ˆâ–ˆâ–ˆâ–ˆâ–ˆâ–ˆâ–ˆâ–ˆâ–ˆâ–ˆâ–ˆâ–ˆâ–ˆâ–ˆâ–ˆâ–ˆâ–ˆâ–ˆâ–ˆâ–ˆâ–ˆâ–ˆâ–ˆâ–ˆâ–ˆâ–ˆâ–ˆâ–ˆâ–ˆâ–ˆâ–ˆâ–ˆâ–ˆâ–ˆâ–ˆâ–ˆâ–ˆâ–ˆâ–ˆâ–ˆâ–ˆâ–ˆâ–ˆâ–ˆâ–ˆâ–ˆâ–ˆâ–ˆâ–ˆâ–ˆâ–ˆâ–ˆâ–ˆâ–ˆâ–ˆâ–ˆâ–ˆâ–ˆâ–ˆâ–ˆâ–ˆâ–ˆâ–ˆâ–ˆâ–ˆâ–ˆâ–ˆâ–ˆâ–ˆâ–ˆâ–ˆâ–ˆâ–ˆâ–ˆâ–ˆâ–ˆâ–ˆâ–ˆâ–ˆâ–ˆâ–ˆâ–ˆâ–ˆâ–ˆâ–ˆâ–ˆâ–ˆâ–ˆâ–ˆ| 52152/52152 [00:01<00:00, 46466.74it/s]
Found 52152 valid pairs
[34m[1mwandb[0m: [33mWARNING[0m WandbCallback is deprecated and will be removed in a future release. Please use the WandbMetricsLogger, WandbModelCheckpoint, and WandbEvalCallback callbacks instead. See https://docs.wandb.ai/guides/integrations/keras for more information.
Epoch 1/15
Traceback (most recent call last):
  File "/mimer/NOBACKUP/groups/naiss2023-22-1358/samir_code/kinship_project/kinship_venv_n/lib/python3.12/site-packages/tensorflow/python/framework/func_graph.py", line 1059, in func_graph_from_py_func
    func_outputs = python_func(*func_args, **func_kwargs)
                   ^^^^^^^^^^^^^^^^^^^^^^^^^^^^^^^^^^^^^^
  File "/mimer/NOBACKUP/groups/naiss2023-22-1358/samir_code/kinship_project/kinship_venv_n/lib/python3.12/site-packages/tensorflow/python/eager/polymorphic_function/polymorphic_function.py", line 599, in wrapped_fn
    out = weak_wrapped_fn().__wrapped__(*args, **kwds)
          ^^^^^^^^^^^^^^^^^^^^^^^^^^^^^^^^^^^^^^^^^^^^
  File "/mimer/NOBACKUP/groups/naiss2023-22-1358/samir_code/kinship_project/kinship_venv_n/lib/python3.12/site-packages/tensorflow/python/eager/polymorphic_function/autograph_util.py", line 41, in autograph_handler
    return api.converted_call(
           ^^^^^^^^^^^^^^^^^^^
  File "/mimer/NOBACKUP/groups/naiss2023-22-1358/samir_code/kinship_project/kinship_venv_n/lib/python3.12/site-packages/tensorflow/python/autograph/impl/api.py", line 339, in converted_call
    return _call_unconverted(f, args, kwargs, options)
           ^^^^^^^^^^^^^^^^^^^^^^^^^^^^^^^^^^^^^^^^^^^
  File "/mimer/NOBACKUP/groups/naiss2023-22-1358/samir_code/kinship_project/kinship_venv_n/lib/python3.12/site-packages/tensorflow/python/autograph/impl/api.py", line 459, in _call_unconverted
    return f(*args, **kwargs)
           ^^^^^^^^^^^^^^^^^^
  File "/mimer/NOBACKUP/groups/naiss2023-22-1358/samir_code/kinship_project/kinship_venv_n/lib/python3.12/site-packages/tensorflow/python/autograph/impl/api.py", line 643, in wrapper
    return func(*args, **kwargs)
           ^^^^^^^^^^^^^^^^^^^^^
  File "/mimer/NOBACKUP/groups/naiss2023-22-1358/samir_code/kinship_project/kinship_venv_n/lib/python3.12/site-packages/keras/src/backend/tensorflow/trainer.py", line 129, in multi_step_on_iterator
    one_step_on_data(iterator.get_next())
  File "/mimer/NOBACKUP/groups/naiss2023-22-1358/samir_code/kinship_project/kinship_venv_n/lib/python3.12/site-packages/tensorflow/python/util/traceback_utils.py", line 150, in error_handler
    return fn(*args, **kwargs)
           ^^^^^^^^^^^^^^^^^^^
  File "/mimer/NOBACKUP/groups/naiss2023-22-1358/samir_code/kinship_project/kinship_venv_n/lib/python3.12/site-packages/tensorflow/python/eager/polymorphic_function/polymorphic_function.py", line 833, in __call__
    result = self._call(*args, **kwds)
             ^^^^^^^^^^^^^^^^^^^^^^^^^
  File "/mimer/NOBACKUP/groups/naiss2023-22-1358/samir_code/kinship_project/kinship_venv_n/lib/python3.12/site-packages/tensorflow/python/eager/polymorphic_function/polymorphic_function.py", line 906, in _call
    return tracing_compilation.call_function(
           ^^^^^^^^^^^^^^^^^^^^^^^^^^^^^^^^^^
  File "/mimer/NOBACKUP/groups/naiss2023-22-1358/samir_code/kinship_project/kinship_venv_n/lib/python3.12/site-packages/tensorflow/python/eager/polymorphic_function/tracing_compilation.py", line 139, in call_function
    return function._call_flat(  # pylint: disable=protected-access
           ^^^^^^^^^^^^^^^^^^^^^^^^^^^^^^^^^^^^^^^^^^^^^^^^^^^^^^^^
  File "/mimer/NOBACKUP/groups/naiss2023-22-1358/samir_code/kinship_project/kinship_venv_n/lib/python3.12/site-packages/tensorflow/python/eager/polymorphic_function/concrete_function.py", line 1334, in _call_flat
    flat_outputs = forward_function.call_flat(*args_with_tangents)
                   ^^^^^^^^^^^^^^^^^^^^^^^^^^^^^^^^^^^^^^^^^^^^^^^
  File "/mimer/NOBACKUP/groups/naiss2023-22-1358/samir_code/kinship_project/kinship_venv_n/lib/python3.12/site-packages/tensorflow/python/eager/polymorphic_function/atomic_function.py", line 257, in call_flat
    outputs = make_call_op_in_graph(
              ^^^^^^^^^^^^^^^^^^^^^^
  File "/mimer/NOBACKUP/groups/naiss2023-22-1358/samir_code/kinship_project/kinship_venv_n/lib/python3.12/site-packages/tensorflow/python/eager/polymorphic_function/atomic_function.py", line 432, in make_call_op_in_graph
    op = partitioned_call_op(  # pytype: disable=wrong-arg-types  # always-use-property-annotation
         ^^^^^^^^^^^^^^^^^^^^^^^^^^^^^^^^^^^^^^^^^^^^^^^^^^^^^^^^^^^^^^^^^^^^^^^^^^^^^^^^^^^^^^^^^
  File "/mimer/NOBACKUP/groups/naiss2023-22-1358/samir_code/kinship_project/kinship_venv_n/lib/python3.12/site-packages/tensorflow/python/eager/polymorphic_function/atomic_function.py", line 417, in partitioned_call_op
    op = ops.get_default_graph().create_op(
         ^^^^^^^^^^^^^^^^^^^^^^^^^^^^^^^^^^
  File "/mimer/NOBACKUP/groups/naiss2023-22-1358/samir_code/kinship_project/kinship_venv_n/lib/python3.12/site-packages/tensorflow/python/util/deprecation.py", line 588, in new_func
    return func(*args, **kwargs)
           ^^^^^^^^^^^^^^^^^^^^^
  File "/mimer/NOBACKUP/groups/naiss2023-22-1358/samir_code/kinship_project/kinship_venv_n/lib/python3.12/site-packages/tensorflow/python/util/traceback_utils.py", line 150, in error_handler
    return fn(*args, **kwargs)
           ^^^^^^^^^^^^^^^^^^^
  File "/mimer/NOBACKUP/groups/naiss2023-22-1358/samir_code/kinship_project/kinship_venv_n/lib/python3.12/site-packages/tensorflow/python/framework/ops.py", line 2639, in create_op
    return self._create_op_internal(op_type, inputs, dtypes, input_types, name,
           ^^^^^^^^^^^^^^^^^^^^^^^^^^^^^^^^^^^^^^^^^^^^^^^^^^^^^^^^^^^^^^^^^^^^
  File "/mimer/NOBACKUP/groups/naiss2023-22-1358/samir_code/kinship_project/kinship_venv_n/lib/python3.12/site-packages/tensorflow/python/framework/func_graph.py", line 670, in _create_op_internal
    return super()._create_op_internal(  # pylint: disable=protected-access
           ^^^^^^^^^^^^^^^^^^^^^^^^^^^^^^^^^^^^^^^^^^^^^^^^^^^^^^^^^^^^^^^^
  File "/mimer/NOBACKUP/groups/naiss2023-22-1358/samir_code/kinship_project/kinship_venv_n/lib/python3.12/site-packages/tensorflow/python/framework/ops.py", line 2701, in _create_op_internal
    ret = Operation.from_node_def(
          ^^^^^^^^^^^^^^^^^^^^^^^^
  File "/mimer/NOBACKUP/groups/naiss2023-22-1358/samir_code/kinship_project/kinship_venv_n/lib/python3.12/site-packages/tensorflow/python/framework/ops.py", line 1196, in from_node_def
    c_op = _create_c_op(g, node_def, inputs, control_input_ops, op_def=op_def)
           ^^^^^^^^^^^^^^^^^^^^^^^^^^^^^^^^^^^^^^^^^^^^^^^^^^^^^^^^^^^^^^^^^^^
  File "/mimer/NOBACKUP/groups/naiss2023-22-1358/samir_code/kinship_project/kinship_venv_n/lib/python3.12/site-packages/tensorflow/python/util/traceback_utils.py", line 150, in error_handler
    return fn(*args, **kwargs)
           ^^^^^^^^^^^^^^^^^^^
  File "/mimer/NOBACKUP/groups/naiss2023-22-1358/samir_code/kinship_project/kinship_venv_n/lib/python3.12/site-packages/tensorflow/python/framework/ops.py", line 1053, in _create_c_op
    c_op = pywrap_tf_session.TF_FinishOperation(op_desc)
           ^^^^^^^^^^^^^^^^^^^^^^^^^^^^^^^^^^^^^^^^^^^^^
KeyboardInterrupt

During handling of the above exception, another exception occurred:

Traceback (most recent call last):
  File "/mimer/NOBACKUP/groups/naiss2023-22-1358/samir_code/kinship_project/kinship_venv_n/lib/python3.12/site-packages/tensorflow/python/framework/ops.py", line 1582, in get_attr
    pywrap_tf_session.TF_OperationGetAttrValueProto(self._c_op, name, buf)
tensorflow.python.framework.errors_impl.InvalidArgumentError: Operation '59353' has no attr named '_read_only_resource_inputs'.

During handling of the above exception, another exception occurred:

Traceback (most recent call last):
  File "/mimer/NOBACKUP/groups/naiss2023-22-1358/samir_code/kinship_project/src/kinship_deepface.py", line 324, in <module>
    main()
  File "/mimer/NOBACKUP/groups/naiss2023-22-1358/samir_code/kinship_project/src/kinship_deepface.py", line 298, in main
    model.fit(
  File "/mimer/NOBACKUP/groups/naiss2023-22-1358/samir_code/kinship_project/kinship_venv_n/lib/python3.12/site-packages/keras/src/utils/traceback_utils.py", line 117, in error_handler
    return fn(*args, **kwargs)
           ^^^^^^^^^^^^^^^^^^^
  File "/mimer/NOBACKUP/groups/naiss2023-22-1358/samir_code/kinship_project/kinship_venv_n/lib/python3.12/site-packages/keras/src/backend/tensorflow/trainer.py", line 368, in fit
    logs = self.train_function(iterator)
           ^^^^^^^^^^^^^^^^^^^^^^^^^^^^^
  File "/mimer/NOBACKUP/groups/naiss2023-22-1358/samir_code/kinship_project/kinship_venv_n/lib/python3.12/site-packages/keras/src/backend/tensorflow/trainer.py", line 216, in function
    opt_outputs = multi_step_on_iterator(iterator)
                  ^^^^^^^^^^^^^^^^^^^^^^^^^^^^^^^^
  File "/mimer/NOBACKUP/groups/naiss2023-22-1358/samir_code/kinship_project/kinship_venv_n/lib/python3.12/site-packages/tensorflow/python/util/traceback_utils.py", line 150, in error_handler
    return fn(*args, **kwargs)
           ^^^^^^^^^^^^^^^^^^^
  File "/mimer/NOBACKUP/groups/naiss2023-22-1358/samir_code/kinship_project/kinship_venv_n/lib/python3.12/site-packages/tensorflow/python/eager/polymorphic_function/polymorphic_function.py", line 833, in __call__
    result = self._call(*args, **kwds)
             ^^^^^^^^^^^^^^^^^^^^^^^^^
  File "/mimer/NOBACKUP/groups/naiss2023-22-1358/samir_code/kinship_project/kinship_venv_n/lib/python3.12/site-packages/tensorflow/python/eager/polymorphic_function/polymorphic_function.py", line 889, in _call
    self._initialize(args, kwds, add_initializers_to=initializers)
  File "/mimer/NOBACKUP/groups/naiss2023-22-1358/samir_code/kinship_project/kinship_venv_n/lib/python3.12/site-packages/tensorflow/python/eager/polymorphic_function/polymorphic_function.py", line 696, in _initialize
    self._concrete_variable_creation_fn = tracing_compilation.trace_function(
                                          ^^^^^^^^^^^^^^^^^^^^^^^^^^^^^^^^^^^
  File "/mimer/NOBACKUP/groups/naiss2023-22-1358/samir_code/kinship_project/kinship_venv_n/lib/python3.12/site-packages/tensorflow/python/eager/polymorphic_function/tracing_compilation.py", line 178, in trace_function
    concrete_function = _maybe_define_function(
                        ^^^^^^^^^^^^^^^^^^^^^^^
  File "/mimer/NOBACKUP/groups/naiss2023-22-1358/samir_code/kinship_project/kinship_venv_n/lib/python3.12/site-packages/tensorflow/python/eager/polymorphic_function/tracing_compilation.py", line 283, in _maybe_define_function
    concrete_function = _create_concrete_function(
                        ^^^^^^^^^^^^^^^^^^^^^^^^^^
  File "/mimer/NOBACKUP/groups/naiss2023-22-1358/samir_code/kinship_project/kinship_venv_n/lib/python3.12/site-packages/tensorflow/python/eager/polymorphic_function/tracing_compilation.py", line 310, in _create_concrete_function
    traced_func_graph = func_graph_module.func_graph_from_py_func(
                        ^^^^^^^^^^^^^^^^^^^^^^^^^^^^^^^^^^^^^^^^^^
  File "/mimer/NOBACKUP/groups/naiss2023-22-1358/samir_code/kinship_project/kinship_venv_n/lib/python3.12/site-packages/tensorflow/python/framework/func_graph.py", line 987, in func_graph_from_py_func
    with func_graph.as_default(), deps_control_manager as deps_ctx:
  File "/mimer/NOBACKUP/groups/naiss2023-22-1358/samir_code/kinship_project/kinship_venv_n/lib/python3.12/site-packages/tensorflow/python/framework/auto_control_deps.py", line 459, in __exit__
    for inp, resource_type in _get_resource_inputs(op):
  File "/mimer/NOBACKUP/groups/naiss2023-22-1358/samir_code/kinship_project/kinship_venv_n/lib/python3.12/site-packages/tensorflow/python/framework/auto_control_deps.py", line 608, in _get_resource_inputs
    reads, writes = utils.get_read_write_resource_inputs(op)
                    ^^^^^^^^^^^^^^^^^^^^^^^^^^^^^^^^^^^^^^^^
  File "/mimer/NOBACKUP/groups/naiss2023-22-1358/samir_code/kinship_project/kinship_venv_n/lib/python3.12/site-packages/tensorflow/python/framework/auto_control_deps_utils.py", line 105, in get_read_write_resource_inputs
    read_only_input_indices = op.get_attr(READ_ONLY_RESOURCE_INPUTS_ATTR)
                              ^^^^^^^^^^^^^^^^^^^^^^^^^^^^^^^^^^^^^^^^^^^
  File "/mimer/NOBACKUP/groups/naiss2023-22-1358/samir_code/kinship_project/kinship_venv_n/lib/python3.12/site-packages/tensorflow/python/framework/ops.py", line 1581, in get_attr
    with c_api_util.tf_buffer() as buf:   # pytype: disable=wrong-arg-count
  File "/apps/Arch/software/Python/3.12.3-GCCcore-13.3.0/lib/python3.12/contextlib.py", line 141, in __exit__
    def __exit__(self, typ, value, traceback):

KeyboardInterrupt
